{
  "stats": {
    "suites": 17,
    "tests": 43,
    "passes": 43,
    "pending": 0,
    "failures": 0,
    "start": "2025-12-06T09:10:32.179Z",
    "end": "2025-12-06T09:10:34.635Z",
    "duration": 2456,
    "testsRegistered": 43,
    "passPercent": 100,
    "pendingPercent": 0,
    "other": 0,
    "hasOther": false,
    "skipped": 0,
    "hasSkipped": false
  },
  "results": [
    {
      "uuid": "77d70ccd-6c92-45e4-b3a0-5f56efe50089",
      "title": "",
      "fullFile": "",
      "file": "",
      "beforeHooks": [],
      "afterHooks": [],
      "tests": [],
      "suites": [
        {
          "uuid": "dfbd79a4-1279-4797-80c9-b61be41f034a",
          "title": "loginUser",
          "fullFile": "D:\\WEB DEVELOPMENT\\FYP-CODE\\server\\test\\authController.test.js",
          "file": "\\test\\authController.test.js",
          "beforeHooks": [
            {
              "title": "\"before all\" hook in \"loginUser\"",
              "fullTitle": "loginUser \"before all\" hook in \"loginUser\"",
              "timedOut": false,
              "duration": 107,
              "state": null,
              "speed": null,
              "pass": false,
              "fail": false,
              "pending": false,
              "context": null,
              "code": "await mongoose.connect(\"mongodb://127.0.0.1:27017/testDB\", {\n  useNewUrlParser: true,\n  useUnifiedTopology: true,\n});\nawait User.create({\n  name: \"Test User\",\n  email: \"test@abc.com\",\n  password: \"12345678\",\n});",
              "err": {},
              "uuid": "f4b2badf-a587-4d65-a000-48a2ad977a49",
              "parentUUID": "dfbd79a4-1279-4797-80c9-b61be41f034a",
              "isHook": true,
              "skipped": false
            }
          ],
          "afterHooks": [
            {
              "title": "\"after all\" hook in \"loginUser\"",
              "fullTitle": "loginUser \"after all\" hook in \"loginUser\"",
              "timedOut": false,
              "duration": 5,
              "state": null,
              "speed": null,
              "pass": false,
              "fail": false,
              "pending": false,
              "context": null,
              "code": "await mongoose.connection.dropDatabase();\nawait mongoose.connection.close();",
              "err": {},
              "uuid": "391b0e63-deb8-40b3-a55b-d90d9e8eae50",
              "parentUUID": "dfbd79a4-1279-4797-80c9-b61be41f034a",
              "isHook": true,
              "skipped": false
            }
          ],
          "tests": [
            {
              "title": "should return 400 if data is incomplete",
              "fullTitle": "loginUser should return 400 if data is incomplete",
              "timedOut": false,
              "duration": 1,
              "state": "passed",
              "speed": "fast",
              "pass": true,
              "fail": false,
              "pending": false,
              "context": null,
              "code": "let statusCode, message;\nconst req = { body: { email: \"abc@gmail.com\" } };\nconst res = {\n  status: (code) => {\n    statusCode = code;\n    return res;\n  },\n  json: (data) => {\n    message = data.message;\n  }\n};\nawait loginUser(req, res, () => {});\nexpect(statusCode).to.equal(400);\nexpect(message).to.equal(\"Incomplete Data\");",
              "err": {},
              "uuid": "a38a0a27-826c-44f5-bbf3-93cd5a5941d8",
              "parentUUID": "dfbd79a4-1279-4797-80c9-b61be41f034a",
              "isHook": false,
              "skipped": false
            },
            {
              "title": "should return 404 if user not found",
              "fullTitle": "loginUser should return 404 if user not found",
              "timedOut": false,
              "duration": 7,
              "state": "passed",
              "speed": "fast",
              "pass": true,
              "fail": false,
              "pending": false,
              "context": null,
              "code": "let statusCode, message;\nconst req = { body: { email: \"notfound@test.com\", password: \"12345678\" } };\nconst res = {\n  status: (code) => {\n    statusCode = code;\n    return res;\n  },\n  json: (data) => {\n    message = data.message;\n  }\n};\nawait loginUser(req, res, () => {});\nexpect(statusCode).to.equal(404);\nexpect(message).to.equal(\"user not found\");",
              "err": {},
              "uuid": "47dc7386-642d-4578-a7b1-9af72ae0e872",
              "parentUUID": "dfbd79a4-1279-4797-80c9-b61be41f034a",
              "isHook": false,
              "skipped": false
            },
            {
              "title": "should return 401 if password is incorrect",
              "fullTitle": "loginUser should return 401 if password is incorrect",
              "timedOut": false,
              "duration": 60,
              "state": "passed",
              "speed": "medium",
              "pass": true,
              "fail": false,
              "pending": false,
              "context": null,
              "code": "let statusCode, message;\nconst req = { body: { email: \"test@abc.com\", password: \"wrongpass\" } };\nconst res = {\n  status: (code) => {\n    statusCode = code;\n    return res;\n  },\n  json: (data) => {\n    message = data.message;\n  }\n};\nawait loginUser(req, res, () => {});\nexpect(statusCode).to.equal(401);\nexpect(message).to.equal(\"Incorrect Password\");",
              "err": {},
              "uuid": "b35c98cf-549b-4eab-a7b8-ac66be5a036f",
              "parentUUID": "dfbd79a4-1279-4797-80c9-b61be41f034a",
              "isHook": false,
              "skipped": false
            },
            {
              "title": "should login successfully with correct credentials",
              "fullTitle": "loginUser should login successfully with correct credentials",
              "timedOut": false,
              "duration": 60,
              "state": "passed",
              "speed": "medium",
              "pass": true,
              "fail": false,
              "pending": false,
              "context": null,
              "code": "let message;\nconst req = { body: { email: \"test@abc.com\", password: \"12345678\" } };\nconst res = {\n  cookie: () => {},\n  json: (data) => {\n    message = data.message;\n  },\n};\nawait loginUser(req, res, () => {});\nexpect(message).to.equal(\"Login successful\");",
              "err": {},
              "uuid": "0e779365-020f-426a-a27f-d2ad884584ff",
              "parentUUID": "dfbd79a4-1279-4797-80c9-b61be41f034a",
              "isHook": false,
              "skipped": false
            }
          ],
          "suites": [],
          "passes": [
            "a38a0a27-826c-44f5-bbf3-93cd5a5941d8",
            "47dc7386-642d-4578-a7b1-9af72ae0e872",
            "b35c98cf-549b-4eab-a7b8-ac66be5a036f",
            "0e779365-020f-426a-a27f-d2ad884584ff"
          ],
          "failures": [],
          "pending": [],
          "skipped": [],
          "duration": 128,
          "root": false,
          "rootEmpty": false,
          "_timeout": 10000
        },
        {
          "uuid": "150bbf45-c1a5-41ce-a53e-75ee879970a3",
          "title": "logoutUser",
          "fullFile": "D:\\WEB DEVELOPMENT\\FYP-CODE\\server\\test\\authController.test.js",
          "file": "\\test\\authController.test.js",
          "beforeHooks": [],
          "afterHooks": [],
          "tests": [
            {
              "title": "should clear the token cookie and return success message",
              "fullTitle": "logoutUser should clear the token cookie and return success message",
              "timedOut": false,
              "duration": 0,
              "state": "passed",
              "speed": "fast",
              "pass": true,
              "fail": false,
              "pending": false,
              "context": null,
              "code": "let cookieCleared = false;\nlet statusCode, responseData;\nconst res = {\n  clearCookie: (name, options) => {\n    if (name === \"token\" && options.path === \"/\") cookieCleared = true;\n    return res;\n  },\n  status: (code) => { statusCode = code; return res; },\n  json: (data) => { responseData = data; }\n};\nlogoutUser({}, res);\nexpect(cookieCleared).to.be.true;\nexpect(statusCode).to.equal(200);\nexpect(responseData).to.deep.equal({ message: 'Logged out successfully', status: true });",
              "err": {},
              "uuid": "3337a65e-ee16-42cd-99af-3bfe26fe7ffa",
              "parentUUID": "150bbf45-c1a5-41ce-a53e-75ee879970a3",
              "isHook": false,
              "skipped": false
            }
          ],
          "suites": [],
          "passes": [
            "3337a65e-ee16-42cd-99af-3bfe26fe7ffa"
          ],
          "failures": [],
          "pending": [],
          "skipped": [],
          "duration": 0,
          "root": false,
          "rootEmpty": false,
          "_timeout": 10000
        },
        {
          "uuid": "1587fb6c-e660-41e7-ab34-b14b92a3c059",
          "title": "doctorReviewHistory",
          "fullFile": "D:\\WEB DEVELOPMENT\\FYP-CODE\\server\\test\\doctorController.test.js",
          "file": "\\test\\doctorController.test.js",
          "beforeHooks": [
            {
              "title": "\"before all\" hook in \"doctorReviewHistory\"",
              "fullTitle": "doctorReviewHistory \"before all\" hook in \"doctorReviewHistory\"",
              "timedOut": false,
              "duration": 129,
              "state": null,
              "speed": null,
              "pass": false,
              "fail": false,
              "pending": false,
              "context": null,
              "code": "await mongoose.connect(\"mongodb://127.0.0.1:27017/testDB\", {\n  useNewUrlParser: true,\n});\nconst doctor = await User.create({\n  name: \"Doctor Test\",\n  email: \"doctor@abc.com\",\n  password: \"12345678\",\n  role: \"doctor\"\n});\ndoctorId = doctor._id;\nconst patient = await User.create({\n  name: \"Patient Test\",\n  email: \"patient@abc.com\",\n  password: \"12345678\",\n  role: \"patient\"\n});\npatientId = patient._id;\nconst report = await SharedReport.create({\n  doctor_id: doctorId,\n  patient_id: patientId,\n  report_id: new mongoose.Types.ObjectId(),\n  viewedByDoctor: true\n});\nreportId = report._id;",
              "err": {},
              "uuid": "789c7aaa-54ff-485b-ac7a-2ef0d768fe21",
              "parentUUID": "1587fb6c-e660-41e7-ab34-b14b92a3c059",
              "isHook": true,
              "skipped": false
            }
          ],
          "afterHooks": [
            {
              "title": "\"after all\" hook in \"doctorReviewHistory\"",
              "fullTitle": "doctorReviewHistory \"after all\" hook in \"doctorReviewHistory\"",
              "timedOut": false,
              "duration": 19,
              "state": null,
              "speed": null,
              "pass": false,
              "fail": false,
              "pending": false,
              "context": null,
              "code": "await mongoose.connection.dropDatabase();\nawait mongoose.connection.close();",
              "err": {},
              "uuid": "73a3ad84-6a8f-494c-94f9-6e338c3a06c0",
              "parentUUID": "1587fb6c-e660-41e7-ab34-b14b92a3c059",
              "isHook": true,
              "skipped": false
            }
          ],
          "tests": [
            {
              "title": "should return empty array if no reports found",
              "fullTitle": "doctorReviewHistory should return empty array if no reports found",
              "timedOut": false,
              "duration": 3,
              "state": "passed",
              "speed": "fast",
              "pass": true,
              "fail": false,
              "pending": false,
              "context": null,
              "code": "const req = { user: { id: new mongoose.Types.ObjectId() } };\nlet data, statusCode;\nconst res = {\n  status: (code) => { statusCode = code; return res; },\n  json: (d) => { data = d; }\n};\nawait doctorReviewHistory(req, res);\nexpect(statusCode).to.equal(200);\nexpect(data).to.be.an(\"array\").that.is.empty;",
              "err": {},
              "uuid": "af9be9ac-1acb-4f1c-9165-8c0420b0ac60",
              "parentUUID": "1587fb6c-e660-41e7-ab34-b14b92a3c059",
              "isHook": false,
              "skipped": false
            },
            {
              "title": "should return reports viewed by doctor",
              "fullTitle": "doctorReviewHistory should return reports viewed by doctor",
              "timedOut": false,
              "duration": 10,
              "state": "passed",
              "speed": "fast",
              "pass": true,
              "fail": false,
              "pending": false,
              "context": null,
              "code": "const req = { user: { id: doctorId } };\nlet data, statusCode;\nconst res = {\n  status: (code) => { statusCode = code; return res; },\n  json: (d) => { data = d; }\n};\nawait doctorReviewHistory(req, res);\nexpect(statusCode).to.equal(200);\nexpect(data).to.be.an(\"array\").that.is.not.empty;\nexpect(data[0]).to.have.property(\"doctor_id\");\nexpect(data[0]).to.have.property(\"patient_id\");\nexpect(data[0]).to.have.property(\"report_id\");",
              "err": {},
              "uuid": "77bfa643-1979-4958-834c-855ba8647fe7",
              "parentUUID": "1587fb6c-e660-41e7-ab34-b14b92a3c059",
              "isHook": false,
              "skipped": false
            }
          ],
          "suites": [],
          "passes": [
            "af9be9ac-1acb-4f1c-9165-8c0420b0ac60",
            "77bfa643-1979-4958-834c-855ba8647fe7"
          ],
          "failures": [],
          "pending": [],
          "skipped": [],
          "duration": 13,
          "root": false,
          "rootEmpty": false,
          "_timeout": 10000
        },
        {
          "uuid": "57039d30-cc23-4d79-a4b1-a5bd3b81ed01",
          "title": "addDoctorReview",
          "fullFile": "D:\\WEB DEVELOPMENT\\FYP-CODE\\server\\test\\doctorController.test.js",
          "file": "\\test\\doctorController.test.js",
          "beforeHooks": [
            {
              "title": "\"before all\" hook in \"addDoctorReview\"",
              "fullTitle": "addDoctorReview \"before all\" hook in \"addDoctorReview\"",
              "timedOut": false,
              "duration": 127,
              "state": null,
              "speed": null,
              "pass": false,
              "fail": false,
              "pending": false,
              "context": null,
              "code": "await mongoose.connect(\"mongodb://127.0.0.1:27017/testDB\", {\n  useNewUrlParser: true,\n});\nconst doctor = await User.create({\n  name: \"Doctor Test\",\n  email: \"doctor@abc.com\",\n  password: \"12345678\",\n  role: \"doctor\"\n});\ndoctorId = doctor._id;\nconst patient = await User.create({\n  name: \"Patient Test\",\n  email: \"patient@abc.com\",\n  password: \"12345678\",\n  role: \"patient\"\n});\npatientId = patient._id;\nconst sharedReport = await SharedReport.create({\n  doctor_id: doctorId,\n  patient_id: patientId,\n  report_id: new mongoose.Types.ObjectId(),\n  viewedByDoctor: false\n});\nsharedReportId = sharedReport._id;",
              "err": {},
              "uuid": "1534bd24-db2c-4112-a1c3-f4092de89adb",
              "parentUUID": "57039d30-cc23-4d79-a4b1-a5bd3b81ed01",
              "isHook": true,
              "skipped": false
            }
          ],
          "afterHooks": [
            {
              "title": "\"after all\" hook in \"addDoctorReview\"",
              "fullTitle": "addDoctorReview \"after all\" hook in \"addDoctorReview\"",
              "timedOut": false,
              "duration": 5,
              "state": null,
              "speed": null,
              "pass": false,
              "fail": false,
              "pending": false,
              "context": null,
              "code": "await mongoose.connection.dropDatabase();\nawait mongoose.connection.close();",
              "err": {},
              "uuid": "545cb75c-ff97-46f4-b6f8-b73438308633",
              "parentUUID": "57039d30-cc23-4d79-a4b1-a5bd3b81ed01",
              "isHook": true,
              "skipped": false
            }
          ],
          "tests": [
            {
              "title": "should return 400 if data is incomplete",
              "fullTitle": "addDoctorReview should return 400 if data is incomplete",
              "timedOut": false,
              "duration": 0,
              "state": "passed",
              "speed": "fast",
              "pass": true,
              "fail": false,
              "pending": false,
              "context": null,
              "code": "const req = { body: { doctorReviewedText: \"Great report!\" } }; // missing sharedReport_id\nlet statusCode, message;\nconst res = {\n  status: (code) => { statusCode = code; return res; },\n  json: (data) => { message = data.message; }\n};\nawait addDoctorReview(req, res);\nexpect(statusCode).to.equal(400);\nexpect(message).to.equal(\"Incomplete Data\");",
              "err": {},
              "uuid": "87fda69f-cc42-4c6a-9f75-4dcc059ef5c7",
              "parentUUID": "57039d30-cc23-4d79-a4b1-a5bd3b81ed01",
              "isHook": false,
              "skipped": false
            },
            {
              "title": "should return 201 if review is successfully added",
              "fullTitle": "addDoctorReview should return 201 if review is successfully added",
              "timedOut": false,
              "duration": 6,
              "state": "passed",
              "speed": "fast",
              "pass": true,
              "fail": false,
              "pending": false,
              "context": null,
              "code": "const req = { body: { doctorReviewedText: \"Excellent report\", sharedReport_id: sharedReportId } };\nlet statusCode, message;\nconst res = {\n  status: (code) => { statusCode = code; return res; },\n  json: (data) => { message = data.message; }\n};\nawait addDoctorReview(req, res);\nexpect(statusCode).to.equal(201);\nexpect(message).to.equal(\"Review Sent\");\n// verify in DB\nconst updated = await SharedReport.findById(sharedReportId);\nexpect(updated.doctor_review).to.equal(\"Excellent report\");\nexpect(updated.viewedByDoctor).to.equal(true);\nexpect(updated.doctor_reviewedAt).to.be.instanceOf(Date);",
              "err": {},
              "uuid": "2af05dad-faec-4f9e-ae2c-fc39264080d6",
              "parentUUID": "57039d30-cc23-4d79-a4b1-a5bd3b81ed01",
              "isHook": false,
              "skipped": false
            },
            {
              "title": "should return 404 if no matching report found",
              "fullTitle": "addDoctorReview should return 404 if no matching report found",
              "timedOut": false,
              "duration": 1,
              "state": "passed",
              "speed": "fast",
              "pass": true,
              "fail": false,
              "pending": false,
              "context": null,
              "code": "const req = { body: { doctorReviewedText: \"Test\", sharedReport_id: new mongoose.Types.ObjectId() } };\nlet statusCode, message;\nconst res = {\n  status: (code) => { statusCode = code; return res; },\n  json: (data) => { message = data.message; }\n};\nawait addDoctorReview(req, res);\nexpect(statusCode).to.equal(404);\nexpect(message).to.equal(\"No matching report found\");",
              "err": {},
              "uuid": "8661b589-0c17-4433-8536-6e7fba61a2e8",
              "parentUUID": "57039d30-cc23-4d79-a4b1-a5bd3b81ed01",
              "isHook": false,
              "skipped": false
            }
          ],
          "suites": [],
          "passes": [
            "87fda69f-cc42-4c6a-9f75-4dcc059ef5c7",
            "2af05dad-faec-4f9e-ae2c-fc39264080d6",
            "8661b589-0c17-4433-8536-6e7fba61a2e8"
          ],
          "failures": [],
          "pending": [],
          "skipped": [],
          "duration": 7,
          "root": false,
          "rootEmpty": false,
          "_timeout": 10000
        },
        {
          "uuid": "588d5824-061a-4e43-8759-a94abc228a7a",
          "title": "allDoctors",
          "fullFile": "D:\\WEB DEVELOPMENT\\FYP-CODE\\server\\test\\doctorController.test.js",
          "file": "\\test\\doctorController.test.js",
          "beforeHooks": [
            {
              "title": "\"before all\" hook in \"allDoctors\"",
              "fullTitle": "allDoctors \"before all\" hook in \"allDoctors\"",
              "timedOut": false,
              "duration": 182,
              "state": null,
              "speed": null,
              "pass": false,
              "fail": false,
              "pending": false,
              "context": null,
              "code": "await mongoose.connect(\"mongodb://127.0.0.1:27017/testDB\");\nconst doctor1 = await User.create({\n  name: \"Doctor One\",\n  email: \"doctor1@abc.com\",\n  password: \"12345678\",\n  role: \"doctor\"\n});\ndoctor1Id = doctor1._id;\nconst doctor2 = await User.create({\n  name: \"Doctor Two\",\n  email: \"doctor2@abc.com\",\n  password: \"12345678\",\n  role: \"doctor\"\n});\ndoctor2Id = doctor2._id;\nconst patient = await User.create({\n  name: \"Patient Test\",\n  email: \"patient@abc.com\",\n  password: \"12345678\",\n  role: \"patient\"\n});\npatientId = patient._id;\nawait SharedReport.create({\n  doctor_id: doctor1Id,\n  patient_id: patientId,\n  report_id: new mongoose.Types.ObjectId(),\n  patient_rating: 4\n});\nawait SharedReport.create({\n  doctor_id: doctor2Id,\n  patient_id: patientId,\n  report_id: new mongoose.Types.ObjectId(),\n  patient_rating: 5\n});",
              "err": {},
              "uuid": "e3b182f7-1163-41a8-971b-f2c96b6ed2c3",
              "parentUUID": "588d5824-061a-4e43-8759-a94abc228a7a",
              "isHook": true,
              "skipped": false
            }
          ],
          "afterHooks": [
            {
              "title": "\"after all\" hook in \"allDoctors\"",
              "fullTitle": "allDoctors \"after all\" hook in \"allDoctors\"",
              "timedOut": false,
              "duration": 14,
              "state": null,
              "speed": null,
              "pass": false,
              "fail": false,
              "pending": false,
              "context": null,
              "code": "await mongoose.connection.dropDatabase();\nawait mongoose.connection.close();",
              "err": {},
              "uuid": "3d91fc4d-7341-4e26-8203-ee28f1a0d9b4",
              "parentUUID": "588d5824-061a-4e43-8759-a94abc228a7a",
              "isHook": true,
              "skipped": false
            }
          ],
          "tests": [
            {
              "title": "should return all doctors with rating stats",
              "fullTitle": "allDoctors should return all doctors with rating stats",
              "timedOut": false,
              "duration": 6,
              "state": "passed",
              "speed": "fast",
              "pass": true,
              "fail": false,
              "pending": false,
              "context": null,
              "code": "const req = { user: { role: \"patient\" } };\nlet data, statusCode;\nconst res = {\n  status: (code) => { statusCode = code; return res; },\n  json: (d) => { data = d; }\n};\nawait allDoctors(req, res);\nexpect(statusCode).to.equal(200);\nexpect(data).to.be.an(\"array\").with.lengthOf(2);\nconst doctor1 = data.find(d => d._id.toString() === doctor1Id.toString());\nconst doctor2 = data.find(d => d._id.toString() === doctor2Id.toString());\nexpect(doctor1.averageRating).to.equal(4);\nexpect(doctor1.totalRatings).to.equal(1);\nexpect(doctor2.averageRating).to.equal(5);\nexpect(doctor2.totalRatings).to.equal(1);\n// sorted by highest rating\nexpect(data[0]._id.toString()).to.equal(doctor2Id.toString());",
              "err": {},
              "uuid": "0442a075-bc21-4e42-a71a-f91b0a3b8459",
              "parentUUID": "588d5824-061a-4e43-8759-a94abc228a7a",
              "isHook": false,
              "skipped": false
            },
            {
              "title": "should exclude requesting doctor if role is doctor",
              "fullTitle": "allDoctors should exclude requesting doctor if role is doctor",
              "timedOut": false,
              "duration": 4,
              "state": "passed",
              "speed": "fast",
              "pass": true,
              "fail": false,
              "pending": false,
              "context": null,
              "code": "const req = { user: { role: \"doctor\", _id: doctor1Id } };\nlet data, statusCode;\nconst res = {\n  status: (code) => { statusCode = code; return res; },\n  json: (d) => { data = d; }\n};\nawait allDoctors(req, res);\nexpect(statusCode).to.equal(200);\nexpect(data).to.be.an(\"array\").with.lengthOf(1);\nexpect(data[0]._id.toString()).to.equal(doctor2Id.toString());",
              "err": {},
              "uuid": "f0677ee1-5e0b-437b-9928-dde72abde4c4",
              "parentUUID": "588d5824-061a-4e43-8759-a94abc228a7a",
              "isHook": false,
              "skipped": false
            }
          ],
          "suites": [],
          "passes": [
            "0442a075-bc21-4e42-a71a-f91b0a3b8459",
            "f0677ee1-5e0b-437b-9928-dde72abde4c4"
          ],
          "failures": [],
          "pending": [],
          "skipped": [],
          "duration": 10,
          "root": false,
          "rootEmpty": false,
          "_timeout": 10000
        },
        {
          "uuid": "03317c7b-4cc3-475e-89fd-fa022a925359",
          "title": "searchDoctors",
          "fullFile": "D:\\WEB DEVELOPMENT\\FYP-CODE\\server\\test\\doctorController.test.js",
          "file": "\\test\\doctorController.test.js",
          "beforeHooks": [
            {
              "title": "\"before all\" hook in \"searchDoctors\"",
              "fullTitle": "searchDoctors \"before all\" hook in \"searchDoctors\"",
              "timedOut": false,
              "duration": 178,
              "state": null,
              "speed": null,
              "pass": false,
              "fail": false,
              "pending": false,
              "context": null,
              "code": "await mongoose.connect(\"mongodb://127.0.0.1:27017/testDB\");\nconst doctor1 = await User.create({\n  name: \"Doctor One\",\n  email: \"doctor1@abc.com\",\n  password: \"12345678\",\n  role: \"doctor\"\n});\ndoctor1Id = doctor1._id;\nconst doctor2 = await User.create({\n  name: \"Doctor Two\",\n  email: \"doctor2@abc.com\",\n  password: \"12345678\",\n  role: \"doctor\"\n});\ndoctor2Id = doctor2._id;\nconst patient = await User.create({\n  name: \"Patient Test\",\n  email: \"patient@abc.com\",\n  password: \"12345678\",\n  role: \"patient\"\n});\npatientId = patient._id;\nawait SharedReport.create({\n  doctor_id: doctor1Id,\n  patient_id: patientId,\n  report_id: new mongoose.Types.ObjectId(),\n  patient_rating: 4\n});\nawait SharedReport.create({\n  doctor_id: doctor2Id,\n  patient_id: patientId,\n  report_id: new mongoose.Types.ObjectId(),\n  patient_rating: 5\n});",
              "err": {},
              "uuid": "bfc7004a-1404-4dd4-95b0-560d7b29a467",
              "parentUUID": "03317c7b-4cc3-475e-89fd-fa022a925359",
              "isHook": true,
              "skipped": false
            }
          ],
          "afterHooks": [
            {
              "title": "\"after all\" hook in \"searchDoctors\"",
              "fullTitle": "searchDoctors \"after all\" hook in \"searchDoctors\"",
              "timedOut": false,
              "duration": 15,
              "state": null,
              "speed": null,
              "pass": false,
              "fail": false,
              "pending": false,
              "context": null,
              "code": "await mongoose.connection.dropDatabase();\nawait mongoose.connection.close();",
              "err": {},
              "uuid": "262a22ad-823d-458b-8ef0-dc467038edb6",
              "parentUUID": "03317c7b-4cc3-475e-89fd-fa022a925359",
              "isHook": true,
              "skipped": false
            }
          ],
          "tests": [
            {
              "title": "should return all doctors matching search with rating stats",
              "fullTitle": "searchDoctors should return all doctors matching search with rating stats",
              "timedOut": false,
              "duration": 5,
              "state": "passed",
              "speed": "fast",
              "pass": true,
              "fail": false,
              "pending": false,
              "context": null,
              "code": "const req = { query: { search: \"Doctor\" }, user: { role: \"patient\" } };\nlet data, statusCode;\nconst res = {\n  status: (code) => { statusCode = code; return res; },\n  json: (d) => { data = d; }\n};\nawait searchDoctors(req, res);\nexpect(statusCode).to.equal(200);\nexpect(data).to.be.an(\"array\").with.lengthOf(2);\nconst doctor1 = data.find(d => d._id.toString() === doctor1Id.toString());\nconst doctor2 = data.find(d => d._id.toString() === doctor2Id.toString());\nexpect(doctor1.averageRating).to.equal(4);\nexpect(doctor1.totalRatings).to.equal(1);\nexpect(doctor2.averageRating).to.equal(5);\nexpect(doctor2.totalRatings).to.equal(1);\nexpect(data[0]._id.toString()).to.equal(doctor2Id.toString());",
              "err": {},
              "uuid": "945c09a7-055e-4a48-a027-1574dce0c122",
              "parentUUID": "03317c7b-4cc3-475e-89fd-fa022a925359",
              "isHook": false,
              "skipped": false
            },
            {
              "title": "should exclude requesting doctor if role is doctor",
              "fullTitle": "searchDoctors should exclude requesting doctor if role is doctor",
              "timedOut": false,
              "duration": 4,
              "state": "passed",
              "speed": "fast",
              "pass": true,
              "fail": false,
              "pending": false,
              "context": null,
              "code": "const req = { query: { search: \"Doctor\" }, user: { role: \"doctor\", _id: doctor1Id } };\nlet data, statusCode;\nconst res = {\n  status: (code) => { statusCode = code; return res; },\n  json: (d) => { data = d; }\n};\nawait searchDoctors(req, res);\nexpect(statusCode).to.equal(200);\nexpect(data).to.be.an(\"array\").with.lengthOf(1);\nexpect(data[0]._id.toString()).to.equal(doctor2Id.toString());",
              "err": {},
              "uuid": "24bf8789-ee56-496a-8479-ab16d69ed58e",
              "parentUUID": "03317c7b-4cc3-475e-89fd-fa022a925359",
              "isHook": false,
              "skipped": false
            },
            {
              "title": "should return empty array if no doctors match search",
              "fullTitle": "searchDoctors should return empty array if no doctors match search",
              "timedOut": false,
              "duration": 2,
              "state": "passed",
              "speed": "fast",
              "pass": true,
              "fail": false,
              "pending": false,
              "context": null,
              "code": "const req = { query: { search: \"Nonexistent\" }, user: { role: \"patient\" } };\nlet data, statusCode;\nconst res = {\n  status: (code) => { statusCode = code; return res; },\n  json: (d) => { data = d; }\n};\nawait searchDoctors(req, res);\nexpect(statusCode).to.equal(200);\nexpect(data).to.be.an(\"array\").that.is.empty;",
              "err": {},
              "uuid": "3216dbda-7288-4694-82fe-b00595391eb9",
              "parentUUID": "03317c7b-4cc3-475e-89fd-fa022a925359",
              "isHook": false,
              "skipped": false
            }
          ],
          "suites": [],
          "passes": [
            "945c09a7-055e-4a48-a027-1574dce0c122",
            "24bf8789-ee56-496a-8479-ab16d69ed58e",
            "3216dbda-7288-4694-82fe-b00595391eb9"
          ],
          "failures": [],
          "pending": [],
          "skipped": [],
          "duration": 11,
          "root": false,
          "rootEmpty": false,
          "_timeout": 10000
        },
        {
          "uuid": "ce2d5be3-82fe-471b-ab6f-4e283388fb9a",
          "title": "rateDoctorFeedback",
          "fullFile": "D:\\WEB DEVELOPMENT\\FYP-CODE\\server\\test\\doctorController.test.js",
          "file": "\\test\\doctorController.test.js",
          "beforeHooks": [
            {
              "title": "\"before all\" hook in \"rateDoctorFeedback\"",
              "fullTitle": "rateDoctorFeedback \"before all\" hook in \"rateDoctorFeedback\"",
              "timedOut": false,
              "duration": 120,
              "state": null,
              "speed": null,
              "pass": false,
              "fail": false,
              "pending": false,
              "context": null,
              "code": "await mongoose.connect(\"mongodb://127.0.0.1:27017/testDB\");\nconst doctor = await User.create({\n  name: \"Doctor Test\",\n  email: \"doctor@abc.com\",\n  password: \"12345678\",\n  role: \"doctor\"\n});\ndoctorId = doctor._id;\nconst patient = await User.create({\n  name: \"Patient Test\",\n  email: \"patient@abc.com\",\n  password: \"12345678\",\n  role: \"patient\"\n});\npatientId = patient._id;\nconst sharedReport = await SharedReport.create({\n  doctor_id: doctorId,\n  patient_id: patientId,\n  report_id: new mongoose.Types.ObjectId(),\n  viewedByDoctor: true\n});\nsharedReportId = sharedReport._id;",
              "err": {},
              "uuid": "43e9ea5d-3971-424c-9583-5a31aabbab80",
              "parentUUID": "ce2d5be3-82fe-471b-ab6f-4e283388fb9a",
              "isHook": true,
              "skipped": false
            }
          ],
          "afterHooks": [
            {
              "title": "\"after all\" hook in \"rateDoctorFeedback\"",
              "fullTitle": "rateDoctorFeedback \"after all\" hook in \"rateDoctorFeedback\"",
              "timedOut": false,
              "duration": 11,
              "state": null,
              "speed": null,
              "pass": false,
              "fail": false,
              "pending": false,
              "context": null,
              "code": "await mongoose.connection.dropDatabase();\nawait mongoose.connection.close();",
              "err": {},
              "uuid": "ef3a3e08-ebeb-4f35-b229-9b0dda5cc67e",
              "parentUUID": "ce2d5be3-82fe-471b-ab6f-4e283388fb9a",
              "isHook": true,
              "skipped": false
            }
          ],
          "tests": [
            {
              "title": "should return 400 if rating is missing or invalid",
              "fullTitle": "rateDoctorFeedback should return 400 if rating is missing or invalid",
              "timedOut": false,
              "duration": 0,
              "state": "passed",
              "speed": "fast",
              "pass": true,
              "fail": false,
              "pending": false,
              "context": null,
              "code": "const req = { params: { sharedReportId }, body: { rating: 6 }, user: { _id: patientId } };\nlet statusCode, message;\nconst res = {\n  status: (code) => { statusCode = code; return res; },\n  json: (data) => { message = data.message; }\n};\nawait rateDoctorFeedback(req, res);\nexpect(statusCode).to.equal(400);\nexpect(message).to.equal(\"Rating must be between 1 and 5\");",
              "err": {},
              "uuid": "3ca1c3a5-c1b1-4471-99d1-48bb9754729d",
              "parentUUID": "ce2d5be3-82fe-471b-ab6f-4e283388fb9a",
              "isHook": false,
              "skipped": false
            },
            {
              "title": "should return 404 if shared report not found",
              "fullTitle": "rateDoctorFeedback should return 404 if shared report not found",
              "timedOut": false,
              "duration": 2,
              "state": "passed",
              "speed": "fast",
              "pass": true,
              "fail": false,
              "pending": false,
              "context": null,
              "code": "const req = { params: { sharedReportId: new mongoose.Types.ObjectId() }, body: { rating: 4 }, user: { _id: patientId } };\nlet statusCode, message;\nconst res = {\n  status: (code) => { statusCode = code; return res; },\n  json: (data) => { message = data.message; }\n};\nawait rateDoctorFeedback(req, res);\nexpect(statusCode).to.equal(404);\nexpect(message).to.equal(\"Shared report not found\");",
              "err": {},
              "uuid": "998eb186-3f68-47b7-b1f2-017ad9269100",
              "parentUUID": "ce2d5be3-82fe-471b-ab6f-4e283388fb9a",
              "isHook": false,
              "skipped": false
            },
            {
              "title": "should return 403 if patient is not owner of the report",
              "fullTitle": "rateDoctorFeedback should return 403 if patient is not owner of the report",
              "timedOut": false,
              "duration": 59,
              "state": "passed",
              "speed": "medium",
              "pass": true,
              "fail": false,
              "pending": false,
              "context": null,
              "code": "const anotherPatient = await User.create({ name: \"Other Patient\", email: \"other@abc.com\", password: \"12345678\", role: \"patient\" });\nconst req = { params: { sharedReportId }, body: { rating: 4 }, user: { _id: anotherPatient._id } };\nlet statusCode, message;\nconst res = {\n  status: (code) => { statusCode = code; return res; },\n  json: (data) => { message = data.message; }\n};\nawait rateDoctorFeedback(req, res);\nexpect(statusCode).to.equal(403);\nexpect(message).to.equal(\"Not authorized to rate this report\");",
              "err": {},
              "uuid": "df19e666-111e-4912-8089-265f95518780",
              "parentUUID": "ce2d5be3-82fe-471b-ab6f-4e283388fb9a",
              "isHook": false,
              "skipped": false
            },
            {
              "title": "should submit rating successfully",
              "fullTitle": "rateDoctorFeedback should submit rating successfully",
              "timedOut": false,
              "duration": 5,
              "state": "passed",
              "speed": "fast",
              "pass": true,
              "fail": false,
              "pending": false,
              "context": null,
              "code": "const req = { params: { sharedReportId }, body: { rating: 5, review: \"Excellent doctor\" }, user: { _id: patientId } };\nlet statusCode, data;\nconst res = {\n  status: (code) => { statusCode = code; return res; },\n  json: (d) => { data = d; }\n};\nawait rateDoctorFeedback(req, res);\nexpect(statusCode).to.equal(200);\nexpect(data.message).to.equal(\"Rating submitted successfully\");\nexpect(data.data.patient_rating).to.equal(5);\nexpect(data.data.patient_review).to.equal(\"Excellent doctor\");\nexpect(data.data.ratedAt).to.be.instanceOf(Date);",
              "err": {},
              "uuid": "291739d9-7614-4d96-b9e5-a42f7a851dc4",
              "parentUUID": "ce2d5be3-82fe-471b-ab6f-4e283388fb9a",
              "isHook": false,
              "skipped": false
            }
          ],
          "suites": [],
          "passes": [
            "3ca1c3a5-c1b1-4471-99d1-48bb9754729d",
            "998eb186-3f68-47b7-b1f2-017ad9269100",
            "df19e666-111e-4912-8089-265f95518780",
            "291739d9-7614-4d96-b9e5-a42f7a851dc4"
          ],
          "failures": [],
          "pending": [],
          "skipped": [],
          "duration": 66,
          "root": false,
          "rootEmpty": false,
          "_timeout": 10000
        },
        {
          "uuid": "f382b683-cbb1-46a5-b940-c4406417d2cd",
          "title": "doctorsWithRatings",
          "fullFile": "D:\\WEB DEVELOPMENT\\FYP-CODE\\server\\test\\doctorController.test.js",
          "file": "\\test\\doctorController.test.js",
          "beforeHooks": [
            {
              "title": "\"before all\" hook in \"doctorsWithRatings\"",
              "fullTitle": "doctorsWithRatings \"before all\" hook in \"doctorsWithRatings\"",
              "timedOut": false,
              "duration": 178,
              "state": null,
              "speed": null,
              "pass": false,
              "fail": false,
              "pending": false,
              "context": null,
              "code": "await mongoose.connect(\"mongodb://127.0.0.1:27017/testDB\");\nconst doctor1 = await User.create({\n  name: \"Doctor One\",\n  email: \"doctor1@abc.com\",\n  password: \"12345678\",\n  role: \"doctor\"\n});\ndoctor1Id = doctor1._id;\nconst doctor2 = await User.create({\n  name: \"Doctor Two\",\n  email: \"doctor2@abc.com\",\n  password: \"12345678\",\n  role: \"doctor\"\n});\ndoctor2Id = doctor2._id;\nconst patient = await User.create({\n  name: \"Patient Test\",\n  email: \"patient@abc.com\",\n  password: \"12345678\",\n  role: \"patient\"\n});\npatientId = patient._id;\nawait SharedReport.create({\n  doctor_id: doctor1Id,\n  patient_id: patientId,\n  report_id: new mongoose.Types.ObjectId(),\n  patient_rating: 4\n});\nawait SharedReport.create({\n  doctor_id: doctor2Id,\n  patient_id: patientId,\n  report_id: new mongoose.Types.ObjectId(),\n  patient_rating: 5\n});",
              "err": {},
              "uuid": "1bd853fc-5e95-4a2d-b148-eaaf7ee675e5",
              "parentUUID": "f382b683-cbb1-46a5-b940-c4406417d2cd",
              "isHook": true,
              "skipped": false
            }
          ],
          "afterHooks": [
            {
              "title": "\"after all\" hook in \"doctorsWithRatings\"",
              "fullTitle": "doctorsWithRatings \"after all\" hook in \"doctorsWithRatings\"",
              "timedOut": false,
              "duration": 7,
              "state": null,
              "speed": null,
              "pass": false,
              "fail": false,
              "pending": false,
              "context": null,
              "code": "await mongoose.connection.dropDatabase();\nawait mongoose.connection.close();",
              "err": {},
              "uuid": "ad9ea65a-6e3a-42ca-a66c-4e9b1ac4f68f",
              "parentUUID": "f382b683-cbb1-46a5-b940-c4406417d2cd",
              "isHook": true,
              "skipped": false
            }
          ],
          "tests": [
            {
              "title": "should return all doctors with rating stats",
              "fullTitle": "doctorsWithRatings should return all doctors with rating stats",
              "timedOut": false,
              "duration": 4,
              "state": "passed",
              "speed": "fast",
              "pass": true,
              "fail": false,
              "pending": false,
              "context": null,
              "code": "let data, statusCode;\nconst req = {};\nconst res = {\n  status: (code) => { statusCode = code; return res; },\n  json: (d) => { data = d; }\n};\nawait doctorsWithRatings(req, res);\nexpect(statusCode).to.equal(200);\nexpect(data).to.be.an(\"array\").with.lengthOf(2);\nconst doctor1 = data.find(d => d._id.toString() === doctor1Id.toString());\nconst doctor2 = data.find(d => d._id.toString() === doctor2Id.toString());\nexpect(doctor1.averageRating).to.equal(4);\nexpect(doctor1.totalRatings).to.equal(1);\nexpect(doctor2.averageRating).to.equal(5);\nexpect(doctor2.totalRatings).to.equal(1);",
              "err": {},
              "uuid": "eced9b4d-510f-4523-8484-3c75ac6dc812",
              "parentUUID": "f382b683-cbb1-46a5-b940-c4406417d2cd",
              "isHook": false,
              "skipped": false
            }
          ],
          "suites": [],
          "passes": [
            "eced9b4d-510f-4523-8484-3c75ac6dc812"
          ],
          "failures": [],
          "pending": [],
          "skipped": [],
          "duration": 4,
          "root": false,
          "rootEmpty": false,
          "_timeout": 10000
        },
        {
          "uuid": "102f0358-b3a3-4ea6-8b95-35c528f17262",
          "title": "deleteSharedReport",
          "fullFile": "D:\\WEB DEVELOPMENT\\FYP-CODE\\server\\test\\doctorController.test.js",
          "file": "\\test\\doctorController.test.js",
          "beforeHooks": [
            {
              "title": "\"before all\" hook in \"deleteSharedReport\"",
              "fullTitle": "deleteSharedReport \"before all\" hook in \"deleteSharedReport\"",
              "timedOut": false,
              "duration": 123,
              "state": null,
              "speed": null,
              "pass": false,
              "fail": false,
              "pending": false,
              "context": null,
              "code": "await mongoose.connect(\"mongodb://127.0.0.1:27017/testDB\");\nconst doctor = await User.create({\n  name: \"Doctor Test\",\n  email: \"doctor@abc.com\",\n  password: \"12345678\",\n  role: \"doctor\"\n});\ndoctorId = doctor._id;\nconst patient = await User.create({\n  name: \"Patient Test\",\n  email: \"patient@abc.com\",\n  password: \"12345678\",\n  role: \"patient\"\n});\npatientId = patient._id;\nconst sharedReport = await SharedReport.create({\n  doctor_id: doctorId,\n  patient_id: patientId,\n  report_id: new mongoose.Types.ObjectId()\n});\nsharedReportId = sharedReport._id;",
              "err": {},
              "uuid": "e1041497-1364-4e4c-acb1-fc65ea6f9044",
              "parentUUID": "102f0358-b3a3-4ea6-8b95-35c528f17262",
              "isHook": true,
              "skipped": false
            }
          ],
          "afterHooks": [
            {
              "title": "\"after all\" hook in \"deleteSharedReport\"",
              "fullTitle": "deleteSharedReport \"after all\" hook in \"deleteSharedReport\"",
              "timedOut": false,
              "duration": 11,
              "state": null,
              "speed": null,
              "pass": false,
              "fail": false,
              "pending": false,
              "context": null,
              "code": "await mongoose.connection.dropDatabase();\nawait mongoose.connection.close();",
              "err": {},
              "uuid": "34c1a73d-257b-4dc4-8460-e0c51af9fcae",
              "parentUUID": "102f0358-b3a3-4ea6-8b95-35c528f17262",
              "isHook": true,
              "skipped": false
            }
          ],
          "tests": [
            {
              "title": "should return 400 if sharedReport_id is missing",
              "fullTitle": "deleteSharedReport should return 400 if sharedReport_id is missing",
              "timedOut": false,
              "duration": 0,
              "state": "passed",
              "speed": "fast",
              "pass": true,
              "fail": false,
              "pending": false,
              "context": null,
              "code": "let statusCode, message;\nconst req = { user: { id: doctorId }, params: {} };\nconst res = {\n  status: (code) => { statusCode = code; return res; },\n  json: (data) => { message = data.message; }\n};\nawait deleteSharedReport(req, res);\nexpect(statusCode).to.equal(400);\nexpect(message).to.equal(\"SharedReport ID missing\");",
              "err": {},
              "uuid": "43250281-0825-4c6f-8c29-b0a1a0dae6da",
              "parentUUID": "102f0358-b3a3-4ea6-8b95-35c528f17262",
              "isHook": false,
              "skipped": false
            },
            {
              "title": "should return 404 if report not found or not authorized",
              "fullTitle": "deleteSharedReport should return 404 if report not found or not authorized",
              "timedOut": false,
              "duration": 2,
              "state": "passed",
              "speed": "fast",
              "pass": true,
              "fail": false,
              "pending": false,
              "context": null,
              "code": "let statusCode, message;\nconst req = { user: { id: doctorId }, params: { sharedReport_id: new mongoose.Types.ObjectId() } };\nconst res = {\n  status: (code) => { statusCode = code; return res; },\n  json: (data) => { message = data.message; }\n};\nawait deleteSharedReport(req, res);\nexpect(statusCode).to.equal(404);\nexpect(message).to.equal(\"Report not found or not authorized\");",
              "err": {},
              "uuid": "afc8096f-5d8e-4f11-b397-ff7bfcaa91b0",
              "parentUUID": "102f0358-b3a3-4ea6-8b95-35c528f17262",
              "isHook": false,
              "skipped": false
            },
            {
              "title": "should delete the shared report successfully",
              "fullTitle": "deleteSharedReport should delete the shared report successfully",
              "timedOut": false,
              "duration": 3,
              "state": "passed",
              "speed": "fast",
              "pass": true,
              "fail": false,
              "pending": false,
              "context": null,
              "code": "let statusCode, message;\nconst req = { user: { id: doctorId }, params: { sharedReport_id: sharedReportId } };\nconst res = {\n  status: (code) => { statusCode = code; return res; },\n  json: (data) => { message = data.message; }\n};\nawait deleteSharedReport(req, res);\nexpect(statusCode).to.equal(200);\nexpect(message).to.equal(\"Report deleted successfully\");\nconst report = await SharedReport.findById(sharedReportId);\nexpect(report).to.be.null;",
              "err": {},
              "uuid": "098098c9-26c2-4466-90b8-3e1962ab89b8",
              "parentUUID": "102f0358-b3a3-4ea6-8b95-35c528f17262",
              "isHook": false,
              "skipped": false
            }
          ],
          "suites": [],
          "passes": [
            "43250281-0825-4c6f-8c29-b0a1a0dae6da",
            "afc8096f-5d8e-4f11-b397-ff7bfcaa91b0",
            "098098c9-26c2-4466-90b8-3e1962ab89b8"
          ],
          "failures": [],
          "pending": [],
          "skipped": [],
          "duration": 5,
          "root": false,
          "rootEmpty": false,
          "_timeout": 10000
        },
        {
          "uuid": "6e63bca6-5d0f-42f7-82f0-37f8f6e95537",
          "title": "sendReportToDoctor",
          "fullFile": "D:\\WEB DEVELOPMENT\\FYP-CODE\\server\\test\\reportController.test.js",
          "file": "\\test\\reportController.test.js",
          "beforeHooks": [
            {
              "title": "\"before all\" hook in \"sendReportToDoctor\"",
              "fullTitle": "sendReportToDoctor \"before all\" hook in \"sendReportToDoctor\"",
              "timedOut": false,
              "duration": 123,
              "state": null,
              "speed": null,
              "pass": false,
              "fail": false,
              "pending": false,
              "context": null,
              "code": "await mongoose.connect(\"mongodb://127.0.0.1:27017/testDB\");\nconst doctor = await User.create({\n  name: \"Doctor Test\",\n  email: \"doctor@abc.com\",\n  password: \"12345678\",\n  role: \"doctor\"\n});\ndoctorId = doctor._id;\nconst patient = await User.create({\n  name: \"Patient Test\",\n  email: \"patient@abc.com\",\n  password: \"12345678\",\n  role: \"patient\"\n});\npatientId = patient._id;\nreportId1 = new mongoose.Types.ObjectId();\nreportId2 = new mongoose.Types.ObjectId();",
              "err": {},
              "uuid": "4af5ea19-4dbc-4f6a-bae3-8905a85f7bd1",
              "parentUUID": "6e63bca6-5d0f-42f7-82f0-37f8f6e95537",
              "isHook": true,
              "skipped": false
            }
          ],
          "afterHooks": [
            {
              "title": "\"after all\" hook in \"sendReportToDoctor\"",
              "fullTitle": "sendReportToDoctor \"after all\" hook in \"sendReportToDoctor\"",
              "timedOut": false,
              "duration": 3,
              "state": null,
              "speed": null,
              "pass": false,
              "fail": false,
              "pending": false,
              "context": null,
              "code": "await mongoose.connection.dropDatabase();\nawait mongoose.connection.close();",
              "err": {},
              "uuid": "33d5588d-a148-4e00-8cee-b95bdb82af35",
              "parentUUID": "6e63bca6-5d0f-42f7-82f0-37f8f6e95537",
              "isHook": true,
              "skipped": false
            }
          ],
          "tests": [
            {
              "title": "should return 400 if required fields are missing",
              "fullTitle": "sendReportToDoctor should return 400 if required fields are missing",
              "timedOut": false,
              "duration": 0,
              "state": "passed",
              "speed": "fast",
              "pass": true,
              "fail": false,
              "pending": false,
              "context": null,
              "code": "const req = { body: { reports: null, doctor_id: null }, user: { id: patientId } };\nlet statusCode, message;\nconst res = {\n  status: (code) => { statusCode = code; return res; },\n  json: (data) => { message = data.message; }\n};\nawait sendReportToDoctor(req, res);\nexpect(statusCode).to.equal(400);\nexpect(message).to.equal(\"Missing required fields\");",
              "err": {},
              "uuid": "ae5fa961-d816-4165-8b83-2a4638e91056",
              "parentUUID": "6e63bca6-5d0f-42f7-82f0-37f8f6e95537",
              "isHook": false,
              "skipped": false
            },
            {
              "title": "should send single report to doctor",
              "fullTitle": "sendReportToDoctor should send single report to doctor",
              "timedOut": false,
              "duration": 6,
              "state": "passed",
              "speed": "fast",
              "pass": true,
              "fail": false,
              "pending": false,
              "context": null,
              "code": "const req = { body: { reports: reportId1, doctor_id: doctorId }, user: { id: patientId } };\nlet statusCode, message;\nconst res = {\n  status: (code) => { statusCode = code; return res; },\n  json: (data) => { message = data.message; }\n};\nawait sendReportToDoctor(req, res);\nexpect(statusCode).to.equal(201);\nexpect(message).to.equal(\"Report send\");\nconst saved = await SharedReport.find({ patient_id: patientId, doctor_id: doctorId });\nexpect(saved).to.have.lengthOf(1);\nexpect(saved[0].report_id.toString()).to.equal(reportId1.toString());",
              "err": {},
              "uuid": "fee1d989-6a21-437e-8488-71489dea69cc",
              "parentUUID": "6e63bca6-5d0f-42f7-82f0-37f8f6e95537",
              "isHook": false,
              "skipped": false
            },
            {
              "title": "should send multiple reports to doctor",
              "fullTitle": "sendReportToDoctor should send multiple reports to doctor",
              "timedOut": false,
              "duration": 4,
              "state": "passed",
              "speed": "fast",
              "pass": true,
              "fail": false,
              "pending": false,
              "context": null,
              "code": "const req = { body: { reports: [reportId1, reportId2], doctor_id: doctorId }, user: { id: patientId } };\nlet statusCode, message;\nconst res = {\n  status: (code) => { statusCode = code; return res; },\n  json: (data) => { message = data.message; }\n};\nawait sendReportToDoctor(req, res);\nexpect(statusCode).to.equal(201);\nexpect(message).to.equal(\"Report send\");\nconst saved = await SharedReport.find({ patient_id: patientId, doctor_id: doctorId });\nexpect(saved).to.have.lengthOf(3); // 1 from previous test + 2 now",
              "err": {},
              "uuid": "fe22535e-a6b7-412f-809c-9e7e904ac6d0",
              "parentUUID": "6e63bca6-5d0f-42f7-82f0-37f8f6e95537",
              "isHook": false,
              "skipped": false
            }
          ],
          "suites": [],
          "passes": [
            "ae5fa961-d816-4165-8b83-2a4638e91056",
            "fee1d989-6a21-437e-8488-71489dea69cc",
            "fe22535e-a6b7-412f-809c-9e7e904ac6d0"
          ],
          "failures": [],
          "pending": [],
          "skipped": [],
          "duration": 10,
          "root": false,
          "rootEmpty": false,
          "_timeout": 10000
        },
        {
          "uuid": "c8f04a0e-7290-4f55-836a-5bbf7855784d",
          "title": "displayReports",
          "fullFile": "D:\\WEB DEVELOPMENT\\FYP-CODE\\server\\test\\reportController.test.js",
          "file": "\\test\\reportController.test.js",
          "beforeHooks": [
            {
              "title": "\"before all\" hook in \"displayReports\"",
              "fullTitle": "displayReports \"before all\" hook in \"displayReports\"",
              "timedOut": false,
              "duration": 70,
              "state": null,
              "speed": null,
              "pass": false,
              "fail": false,
              "pending": false,
              "context": null,
              "code": "await mongoose.connect(\"mongodb://127.0.0.1:27017/testDB\");\nconst user = await User.create({\n  name: \"Test User\",\n  email: \"testuser@example.com\",\n  password: \"12345678\",\n  role: \"patient\"\n});\nuserId = user._id;\nawait Report.create({\n  user: userId,\n  reportPath: \"report1.pdf\"\n});\nawait Report.create({\n  user: userId,\n  reportPath: \"report2.pdf\"\n});",
              "err": {},
              "uuid": "2c578710-cf18-42ab-90ea-1928756ad01c",
              "parentUUID": "c8f04a0e-7290-4f55-836a-5bbf7855784d",
              "isHook": true,
              "skipped": false
            }
          ],
          "afterHooks": [
            {
              "title": "\"after all\" hook in \"displayReports\"",
              "fullTitle": "displayReports \"after all\" hook in \"displayReports\"",
              "timedOut": false,
              "duration": 2,
              "state": null,
              "speed": null,
              "pass": false,
              "fail": false,
              "pending": false,
              "context": null,
              "code": "await mongoose.connection.dropDatabase();\nawait mongoose.connection.close();",
              "err": {},
              "uuid": "1b5a4cee-3503-4de9-8983-81d1bfa4b601",
              "parentUUID": "c8f04a0e-7290-4f55-836a-5bbf7855784d",
              "isHook": true,
              "skipped": false
            }
          ],
          "tests": [
            {
              "title": "should return an array of reports for the user",
              "fullTitle": "displayReports should return an array of reports for the user",
              "timedOut": false,
              "duration": 5,
              "state": "passed",
              "speed": "fast",
              "pass": true,
              "fail": false,
              "pending": false,
              "context": null,
              "code": "const req = { user: { id: userId } };\nlet data, statusCode;\nconst res = {\n  status: (code) => { statusCode = code; return res; },\n  json: (d) => { data = d; }\n};\nawait displayReports(req, res);\nexpect(statusCode).to.equal(200);\nexpect(data).to.be.an(\"array\").with.lengthOf(2);\nexpect(data[0]).to.have.property(\"reportPath\");\nexpect(data[0]).to.have.property(\"user\");",
              "err": {},
              "uuid": "34dde4cb-cc87-42e8-934d-0ff11adcea12",
              "parentUUID": "c8f04a0e-7290-4f55-836a-5bbf7855784d",
              "isHook": false,
              "skipped": false
            },
            {
              "title": "should return empty array if user has no reports",
              "fullTitle": "displayReports should return empty array if user has no reports",
              "timedOut": false,
              "duration": 58,
              "state": "passed",
              "speed": "medium",
              "pass": true,
              "fail": false,
              "pending": false,
              "context": null,
              "code": "const newUser = await User.create({\n  name: \"Empty User\",\n  email: \"emptyuser@example.com\",\n  password: \"12345678\",\n  role: \"patient\"\n});\nconst req = { user: { id: newUser._id } };\nlet data, statusCode;\nconst res = {\n  status: (code) => { statusCode = code; return res; },\n  json: (d) => { data = d; }\n};\nawait displayReports(req, res);\nexpect(statusCode).to.equal(200);\nexpect(data).to.be.an(\"array\").that.is.empty;",
              "err": {},
              "uuid": "3062c948-6a74-4d54-94e3-b3d9f02c20a5",
              "parentUUID": "c8f04a0e-7290-4f55-836a-5bbf7855784d",
              "isHook": false,
              "skipped": false
            }
          ],
          "suites": [],
          "passes": [
            "34dde4cb-cc87-42e8-934d-0ff11adcea12",
            "3062c948-6a74-4d54-94e3-b3d9f02c20a5"
          ],
          "failures": [],
          "pending": [],
          "skipped": [],
          "duration": 63,
          "root": false,
          "rootEmpty": false,
          "_timeout": 10000
        },
        {
          "uuid": "ec12188f-b5fc-4d06-86fc-4452f621b7a2",
          "title": "getAllReportsForDoctor",
          "fullFile": "D:\\WEB DEVELOPMENT\\FYP-CODE\\server\\test\\reportController.test.js",
          "file": "\\test\\reportController.test.js",
          "beforeHooks": [
            {
              "title": "\"before all\" hook in \"getAllReportsForDoctor\"",
              "fullTitle": "getAllReportsForDoctor \"before all\" hook in \"getAllReportsForDoctor\"",
              "timedOut": false,
              "duration": 121,
              "state": null,
              "speed": null,
              "pass": false,
              "fail": false,
              "pending": false,
              "context": null,
              "code": "await mongoose.connect(\"mongodb://127.0.0.1:27017/testDB\");\nconst doctor = await User.create({\n  name: \"Doctor Test\",\n  email: \"doctor@abc.com\",\n  password: \"12345678\",\n  role: \"doctor\"\n});\ndoctorId = doctor._id;\nconst patient = await User.create({\n  name: \"Patient Test\",\n  email: \"patient@abc.com\",\n  password: \"12345678\",\n  role: \"patient\"\n});\npatientId = patient._id;\nconst report = await SharedReport.create({\n  doctor_id: doctorId,\n  patient_id: patientId,\n  report_id: new mongoose.Types.ObjectId()\n});\nsharedReportId = report._id;",
              "err": {},
              "uuid": "6f122468-bf62-4c5d-8d98-694399182a57",
              "parentUUID": "ec12188f-b5fc-4d06-86fc-4452f621b7a2",
              "isHook": true,
              "skipped": false
            }
          ],
          "afterHooks": [
            {
              "title": "\"after all\" hook in \"getAllReportsForDoctor\"",
              "fullTitle": "getAllReportsForDoctor \"after all\" hook in \"getAllReportsForDoctor\"",
              "timedOut": false,
              "duration": 3,
              "state": null,
              "speed": null,
              "pass": false,
              "fail": false,
              "pending": false,
              "context": null,
              "code": "await mongoose.connection.dropDatabase();\nawait mongoose.connection.close();",
              "err": {},
              "uuid": "698080d3-c376-400a-bab4-7b29066e57f3",
              "parentUUID": "ec12188f-b5fc-4d06-86fc-4452f621b7a2",
              "isHook": true,
              "skipped": false
            }
          ],
          "tests": [
            {
              "title": "should return 404 if no reports found",
              "fullTitle": "getAllReportsForDoctor should return 404 if no reports found",
              "timedOut": false,
              "duration": 1,
              "state": "passed",
              "speed": "fast",
              "pass": true,
              "fail": false,
              "pending": false,
              "context": null,
              "code": "const req = { user: { id: new mongoose.Types.ObjectId() } };\nlet statusCode, data;\nconst res = {\n  status: (code) => { statusCode = code; return res; },\n  json: (d) => { data = d; }\n};\nawait getAllReportsForDoctor(req, res);\nexpect(statusCode).to.equal(404);\nexpect(data.message).to.equal(\"No reports\");",
              "err": {},
              "uuid": "782a7d92-1ede-4a52-8359-8a4ddc249d99",
              "parentUUID": "ec12188f-b5fc-4d06-86fc-4452f621b7a2",
              "isHook": false,
              "skipped": false
            },
            {
              "title": "should return reports for the doctor",
              "fullTitle": "getAllReportsForDoctor should return reports for the doctor",
              "timedOut": false,
              "duration": 5,
              "state": "passed",
              "speed": "fast",
              "pass": true,
              "fail": false,
              "pending": false,
              "context": null,
              "code": "const req = { user: { id: doctorId } };\nlet statusCode, data;\nconst res = {\n  status: (code) => { statusCode = code; return res; },\n  json: (d) => { data = d; }\n};\nawait getAllReportsForDoctor(req, res);\nexpect(statusCode).to.equal(200);\nexpect(data).to.be.an(\"array\").that.is.not.empty;\nexpect(data[0]).to.have.property(\"doctor_id\");\nexpect(data[0]).to.have.property(\"patient_id\");\nexpect(data[0]).to.have.property(\"report_id\");",
              "err": {},
              "uuid": "d56da0e6-9a6e-4649-a11b-fd03520620b2",
              "parentUUID": "ec12188f-b5fc-4d06-86fc-4452f621b7a2",
              "isHook": false,
              "skipped": false
            }
          ],
          "suites": [],
          "passes": [
            "782a7d92-1ede-4a52-8359-8a4ddc249d99",
            "d56da0e6-9a6e-4649-a11b-fd03520620b2"
          ],
          "failures": [],
          "pending": [],
          "skipped": [],
          "duration": 6,
          "root": false,
          "rootEmpty": false,
          "_timeout": 10000
        },
        {
          "uuid": "2006dbd3-2739-478d-9438-e212f8515fb5",
          "title": "getReportStats",
          "fullFile": "D:\\WEB DEVELOPMENT\\FYP-CODE\\server\\test\\reportController.test.js",
          "file": "\\test\\reportController.test.js",
          "beforeHooks": [
            {
              "title": "\"before all\" hook in \"getReportStats\"",
              "fullTitle": "getReportStats \"before all\" hook in \"getReportStats\"",
              "timedOut": false,
              "duration": 123,
              "state": null,
              "speed": null,
              "pass": false,
              "fail": false,
              "pending": false,
              "context": null,
              "code": "await mongoose.connect(\"mongodb://127.0.0.1:27017/testDB\");\nconst doctor = await User.create({\n  name: \"Doctor Stats\",\n  email: \"doctorstats@abc.com\",\n  password: \"12345678\",\n  role: \"doctor\"\n});\ndoctorId = doctor._id;\nconst patient = await User.create({\n  name: \"Patient Stats\",\n  email: \"patientstats@abc.com\",\n  password: \"12345678\",\n  role: \"patient\"\n});\npatientId = patient._id;\nconst today = new Date();\nconst earlierThisMonth = new Date();\nearlierThisMonth.setDate(1);\nearlierThisMonth.setHours(10, 0, 0, 0);\nawait SharedReport.create({\n  doctor_id: doctorId,\n  patient_id: patientId,\n  report_id: new mongoose.Types.ObjectId(),\n  createdAt: today\n});\nawait SharedReport.create({\n  doctor_id: doctorId,\n  patient_id: patientId,\n  report_id: new mongoose.Types.ObjectId(),\n  createdAt: earlierThisMonth\n});",
              "err": {},
              "uuid": "f5298fd7-9e60-4775-816a-c59685e416b7",
              "parentUUID": "2006dbd3-2739-478d-9438-e212f8515fb5",
              "isHook": true,
              "skipped": false
            }
          ],
          "afterHooks": [
            {
              "title": "\"after all\" hook in \"getReportStats\"",
              "fullTitle": "getReportStats \"after all\" hook in \"getReportStats\"",
              "timedOut": false,
              "duration": 2,
              "state": null,
              "speed": null,
              "pass": false,
              "fail": false,
              "pending": false,
              "context": null,
              "code": "await mongoose.connection.dropDatabase();\nawait mongoose.connection.close();",
              "err": {},
              "uuid": "2844043f-efbc-4105-a4b4-761e0835b9d3",
              "parentUUID": "2006dbd3-2739-478d-9438-e212f8515fb5",
              "isHook": true,
              "skipped": false
            }
          ],
          "tests": [
            {
              "title": "should return the correct counts for today and month",
              "fullTitle": "getReportStats should return the correct counts for today and month",
              "timedOut": false,
              "duration": 4,
              "state": "passed",
              "speed": "fast",
              "pass": true,
              "fail": false,
              "pending": false,
              "context": null,
              "code": "const req = { user: { id: doctorId } };\nlet statusCode, data;\nconst res = {\n  status: (code) => { statusCode = code; return res; },\n  json: (d) => { data = d; }\n};\nawait getReportStats(req, res);\nexpect(statusCode).to.equal(200);\nexpect(data).to.have.property(\"today\").that.is.a(\"number\");\nexpect(data).to.have.property(\"month\").that.is.a(\"number\");\nexpect(data.today).to.equal(1);\nexpect(data.month).to.equal(2);",
              "err": {},
              "uuid": "951daf82-1f38-4883-8514-44a400adc5e5",
              "parentUUID": "2006dbd3-2739-478d-9438-e212f8515fb5",
              "isHook": false,
              "skipped": false
            },
            {
              "title": "should return 0 counts if doctor has no reports",
              "fullTitle": "getReportStats should return 0 counts if doctor has no reports",
              "timedOut": false,
              "duration": 3,
              "state": "passed",
              "speed": "fast",
              "pass": true,
              "fail": false,
              "pending": false,
              "context": null,
              "code": "const req = { user: { id: new mongoose.Types.ObjectId() } };\nlet statusCode, data;\nconst res = {\n  status: (code) => { statusCode = code; return res; },\n  json: (d) => { data = d; }\n};\nawait getReportStats(req, res);\nexpect(statusCode).to.equal(200);\nexpect(data.today).to.equal(0);\nexpect(data.month).to.equal(0);",
              "err": {},
              "uuid": "a7bb8e91-45b1-44b5-923f-bcdde1f89111",
              "parentUUID": "2006dbd3-2739-478d-9438-e212f8515fb5",
              "isHook": false,
              "skipped": false
            }
          ],
          "suites": [],
          "passes": [
            "951daf82-1f38-4883-8514-44a400adc5e5",
            "a7bb8e91-45b1-44b5-923f-bcdde1f89111"
          ],
          "failures": [],
          "pending": [],
          "skipped": [],
          "duration": 7,
          "root": false,
          "rootEmpty": false,
          "_timeout": 10000
        },
        {
          "uuid": "1bb1189f-a668-4e6c-a55c-45f635723f4d",
          "title": "deleteUserReport",
          "fullFile": "D:\\WEB DEVELOPMENT\\FYP-CODE\\server\\test\\reportController.test.js",
          "file": "\\test\\reportController.test.js",
          "beforeHooks": [
            {
              "title": "\"before all\" hook in \"deleteUserReport\"",
              "fullTitle": "deleteUserReport \"before all\" hook in \"deleteUserReport\"",
              "timedOut": false,
              "duration": 67,
              "state": null,
              "speed": null,
              "pass": false,
              "fail": false,
              "pending": false,
              "context": null,
              "code": "await mongoose.connect(\"mongodb://127.0.0.1:27017/testDB\");\nconst user = await User.create({\n  name: \"Test User\",\n  email: \"testuser@abc.com\",\n  password: \"12345678\",\n  role: \"patient\"\n});\nuserId = user._id;\nconst report1 = await Report.create({\n  user: userId,\n  reportPath: \"/reports/report1.pdf\"\n});\nconst report2 = await Report.create({\n  user: userId,\n  reportPath: \"/reports/report2.pdf\"\n});\nreport1Id = report1._id;\nreport2Id = report2._id;",
              "err": {},
              "uuid": "c5c13df5-5b4f-4c31-83aa-3716dd7f3c7b",
              "parentUUID": "1bb1189f-a668-4e6c-a55c-45f635723f4d",
              "isHook": true,
              "skipped": false
            }
          ],
          "afterHooks": [
            {
              "title": "\"after all\" hook in \"deleteUserReport\"",
              "fullTitle": "deleteUserReport \"after all\" hook in \"deleteUserReport\"",
              "timedOut": false,
              "duration": 3,
              "state": null,
              "speed": null,
              "pass": false,
              "fail": false,
              "pending": false,
              "context": null,
              "code": "await mongoose.connection.dropDatabase();\nawait mongoose.connection.close();",
              "err": {},
              "uuid": "0b7f04cb-d483-4766-8a6d-0ec3fba25ad9",
              "parentUUID": "1bb1189f-a668-4e6c-a55c-45f635723f4d",
              "isHook": true,
              "skipped": false
            }
          ],
          "tests": [
            {
              "title": "should return 400 if no ids provided",
              "fullTitle": "deleteUserReport should return 400 if no ids provided",
              "timedOut": false,
              "duration": 0,
              "state": "passed",
              "speed": "fast",
              "pass": true,
              "fail": false,
              "pending": false,
              "context": null,
              "code": "const req = { body: {} };\nlet statusCode, message;\nconst res = {\n  status: (code) => { statusCode = code; return res; },\n  json: (data) => { message = data.message; }\n};\nawait deleteUserReport(req, res);\nexpect(statusCode).to.equal(400);\nexpect(message).to.equal(\"Report Id is not send\");",
              "err": {},
              "uuid": "ed98dec8-2e56-4a67-8737-9af6684acc9a",
              "parentUUID": "1bb1189f-a668-4e6c-a55c-45f635723f4d",
              "isHook": false,
              "skipped": false
            },
            {
              "title": "should delete reports successfully",
              "fullTitle": "deleteUserReport should delete reports successfully",
              "timedOut": false,
              "duration": 3,
              "state": "passed",
              "speed": "fast",
              "pass": true,
              "fail": false,
              "pending": false,
              "context": null,
              "code": "const req = { body: { ids: [report1Id, report2Id] } };\nlet statusCode, message;\nconst res = {\n  status: (code) => { statusCode = code; return res; },\n  json: (data) => { message = data.message; }\n};\nawait deleteUserReport(req, res);\nexpect(statusCode).to.equal(200);\nexpect(message).to.equal(\"Report Deleted\");\nconst remaining = await Report.find({ user: userId });\nexpect(remaining.length).to.equal(0);",
              "err": {},
              "uuid": "289b9434-78a4-43b5-8af1-286848df1d7a",
              "parentUUID": "1bb1189f-a668-4e6c-a55c-45f635723f4d",
              "isHook": false,
              "skipped": false
            },
            {
              "title": "should return 404 if reports not found",
              "fullTitle": "deleteUserReport should return 404 if reports not found",
              "timedOut": false,
              "duration": 1,
              "state": "passed",
              "speed": "fast",
              "pass": true,
              "fail": false,
              "pending": false,
              "context": null,
              "code": "const req = { body: { ids: [new mongoose.Types.ObjectId()] } };\nlet statusCode, message;\nconst res = {\n  status: (code) => { statusCode = code; return res; },\n  json: (data) => { message = data.message; }\n};\nawait deleteUserReport(req, res);\nexpect(statusCode).to.equal(404);\nexpect(message).to.equal(\"No Report Deleted\");",
              "err": {},
              "uuid": "71e447fa-c043-4ede-b636-04e64dd3a002",
              "parentUUID": "1bb1189f-a668-4e6c-a55c-45f635723f4d",
              "isHook": false,
              "skipped": false
            }
          ],
          "suites": [],
          "passes": [
            "ed98dec8-2e56-4a67-8737-9af6684acc9a",
            "289b9434-78a4-43b5-8af1-286848df1d7a",
            "71e447fa-c043-4ede-b636-04e64dd3a002"
          ],
          "failures": [],
          "pending": [],
          "skipped": [],
          "duration": 4,
          "root": false,
          "rootEmpty": false,
          "_timeout": 10000
        },
        {
          "uuid": "fb473b8e-ed76-4b65-9b72-3325ef8c683e",
          "title": "getUserReportsWithFeedback",
          "fullFile": "D:\\WEB DEVELOPMENT\\FYP-CODE\\server\\test\\reportController.test.js",
          "file": "\\test\\reportController.test.js",
          "beforeHooks": [
            {
              "title": "\"before all\" hook in \"getUserReportsWithFeedback\"",
              "fullTitle": "getUserReportsWithFeedback \"before all\" hook in \"getUserReportsWithFeedback\"",
              "timedOut": false,
              "duration": 123,
              "state": null,
              "speed": null,
              "pass": false,
              "fail": false,
              "pending": false,
              "context": null,
              "code": "await mongoose.connect(\"mongodb://127.0.0.1:27017/testDB\");\nconst patient = await User.create({\n  name: \"Patient Test\",\n  email: \"patient@abc.com\",\n  password: \"12345678\",\n  role: \"patient\"\n});\npatientId = patient._id;\nconst doctor = await User.create({\n  name: \"Doctor Test\",\n  email: \"doctor@abc.com\",\n  password: \"12345678\",\n  role: \"doctor\"\n});\ndoctorId = doctor._id;\nconst report = await Report.create({\n  user: patientId,\n  reportPath: \"/reports/testreport.pdf\"\n});\nreportId = report._id;\nconst sharedReport = await SharedReport.create({\n  patient_id: patientId,\n  doctor_id: doctorId,\n  report_id: reportId,\n  doctor_review: \"Excellent report\",\n  viewedByDoctor: true\n});\nsharedReportId = sharedReport._id;",
              "err": {},
              "uuid": "c60b6e4f-bc28-4182-a1f4-e7a5ead21bfd",
              "parentUUID": "fb473b8e-ed76-4b65-9b72-3325ef8c683e",
              "isHook": true,
              "skipped": false
            }
          ],
          "afterHooks": [
            {
              "title": "\"after all\" hook in \"getUserReportsWithFeedback\"",
              "fullTitle": "getUserReportsWithFeedback \"after all\" hook in \"getUserReportsWithFeedback\"",
              "timedOut": false,
              "duration": 12,
              "state": null,
              "speed": null,
              "pass": false,
              "fail": false,
              "pending": false,
              "context": null,
              "code": "await mongoose.connection.dropDatabase();\nawait mongoose.connection.close();",
              "err": {},
              "uuid": "11654051-38b4-4a0e-a6cd-f700f5b9ce7b",
              "parentUUID": "fb473b8e-ed76-4b65-9b72-3325ef8c683e",
              "isHook": true,
              "skipped": false
            }
          ],
          "tests": [
            {
              "title": "should return empty array if patient has no shared reports",
              "fullTitle": "getUserReportsWithFeedback should return empty array if patient has no shared reports",
              "timedOut": false,
              "duration": 2,
              "state": "passed",
              "speed": "fast",
              "pass": true,
              "fail": false,
              "pending": false,
              "context": null,
              "code": "const req = { user: { id: new mongoose.Types.ObjectId() } };\nlet statusCode, data;\nconst res = {\n  status: (code) => { statusCode = code; return res; },\n  json: (d) => { data = d; }\n};\nawait getUserReportsWithFeedback(req, res);\nexpect(statusCode).to.equal(200);\nexpect(data).to.be.an(\"array\").that.is.empty;",
              "err": {},
              "uuid": "b85ce54e-b51b-4b32-be6d-3f93a05b59c4",
              "parentUUID": "fb473b8e-ed76-4b65-9b72-3325ef8c683e",
              "isHook": false,
              "skipped": false
            },
            {
              "title": "should return shared reports with doctor and report info",
              "fullTitle": "getUserReportsWithFeedback should return shared reports with doctor and report info",
              "timedOut": false,
              "duration": 7,
              "state": "passed",
              "speed": "fast",
              "pass": true,
              "fail": false,
              "pending": false,
              "context": null,
              "code": "const req = { user: { id: patientId } };\nlet statusCode, data;\nconst res = {\n  status: (code) => { statusCode = code; return res; },\n  json: (d) => { data = d; }\n};\nawait getUserReportsWithFeedback(req, res);\nexpect(statusCode).to.equal(200);\nexpect(data).to.be.an(\"array\").that.is.not.empty;\nexpect(data[0]).to.have.property(\"doctor_id\");\nexpect(data[0]).to.have.property(\"report_id\");\nexpect(data[0].doctor_id).to.have.property(\"name\");\nexpect(data[0].report_id).to.have.property(\"reportPath\");",
              "err": {},
              "uuid": "efbfb2cf-611a-4c52-b6d9-28d824ded154",
              "parentUUID": "fb473b8e-ed76-4b65-9b72-3325ef8c683e",
              "isHook": false,
              "skipped": false
            }
          ],
          "suites": [],
          "passes": [
            "b85ce54e-b51b-4b32-be6d-3f93a05b59c4",
            "efbfb2cf-611a-4c52-b6d9-28d824ded154"
          ],
          "failures": [],
          "pending": [],
          "skipped": [],
          "duration": 9,
          "root": false,
          "rootEmpty": false,
          "_timeout": 10000
        },
        {
          "uuid": "1b418612-fade-43a6-8de4-6126187933b1",
          "title": "updateProfile",
          "fullFile": "D:\\WEB DEVELOPMENT\\FYP-CODE\\server\\test\\userController.test.js",
          "file": "\\test\\userController.test.js",
          "beforeHooks": [
            {
              "title": "\"before all\" hook in \"updateProfile\"",
              "fullTitle": "updateProfile \"before all\" hook in \"updateProfile\"",
              "timedOut": false,
              "duration": 4,
              "state": null,
              "speed": null,
              "pass": false,
              "fail": false,
              "pending": false,
              "context": null,
              "code": "await mongoose.connect(\"mongodb://127.0.0.1:27017/testDB\");",
              "err": {},
              "uuid": "11efa463-86d0-4b84-af9e-6b6cdc69e079",
              "parentUUID": "1b418612-fade-43a6-8de4-6126187933b1",
              "isHook": true,
              "skipped": false
            },
            {
              "title": "\"before each\" hook in \"updateProfile\"",
              "fullTitle": "updateProfile \"before each\" hook in \"updateProfile\"",
              "timedOut": false,
              "duration": 3,
              "state": null,
              "speed": null,
              "pass": false,
              "fail": false,
              "pending": false,
              "context": null,
              "code": "await User.deleteMany({});\nawait User.create({\n  email: \"testuser@example.com\",\n  country: \"Existing Country\",\n  city: \"Existing City\",\n  contactNumber: \"1234567890\",\n  specialization: \"Cardiology\",\n  description: \"Test Description\",\n  picture: \"/uploadProfileImages/existing.png\"\n});",
              "err": {},
              "uuid": "48ec276b-2ef4-446e-a1c0-636407e14b49",
              "parentUUID": "1b418612-fade-43a6-8de4-6126187933b1",
              "isHook": true,
              "skipped": false
            }
          ],
          "afterHooks": [
            {
              "title": "\"after all\" hook in \"updateProfile\"",
              "fullTitle": "updateProfile \"after all\" hook in \"updateProfile\"",
              "timedOut": false,
              "duration": 18,
              "state": null,
              "speed": null,
              "pass": false,
              "fail": false,
              "pending": false,
              "context": null,
              "code": "await mongoose.connection.dropDatabase();\nawait mongoose.connection.close();",
              "err": {},
              "uuid": "f0447fc6-1f43-4492-905e-966196e8a3f9",
              "parentUUID": "1b418612-fade-43a6-8de4-6126187933b1",
              "isHook": true,
              "skipped": false
            }
          ],
          "tests": [
            {
              "title": "should update user profile fields successfully",
              "fullTitle": "updateProfile should update user profile fields successfully",
              "timedOut": false,
              "duration": 4,
              "state": "passed",
              "speed": "fast",
              "pass": true,
              "fail": false,
              "pending": false,
              "context": null,
              "code": "const req = {\n  body: {\n    email: \"testuser@example.com\",\n    country: \"New Country\",\n    city: \"New City\",\n    contactNumber: \"0987654321\",\n    specialization: \"Neurology\",\n    description: \"Updated Description\"\n  }\n};\nlet statusCode, message;\nconst res = {\n  status: (code) => { statusCode = code; return res; },\n  json: (data) => { message = data.message; }\n};\nawait updateProfile(req, res);\nexpect(statusCode).to.equal(200);\nexpect(message).to.equal(\"Profile updated successfully\");",
              "err": {},
              "uuid": "3823ce58-f371-4e43-8e05-842b1a2e8da2",
              "parentUUID": "1b418612-fade-43a6-8de4-6126187933b1",
              "isHook": false,
              "skipped": false
            },
            {
              "title": "should return 404 if user not found",
              "fullTitle": "updateProfile should return 404 if user not found",
              "timedOut": false,
              "duration": 3,
              "state": "passed",
              "speed": "fast",
              "pass": true,
              "fail": false,
              "pending": false,
              "context": null,
              "code": "const req = {\n  body: {\n    email: \"nonexistent@example.com\",\n    country: \"New Country\"\n  }\n};\nlet statusCode, message;\nconst res = {\n  status: (code) => { statusCode = code; return res; },\n  json: (data) => { message = data.message; }\n};\nawait updateProfile(req, res);\nexpect(statusCode).to.equal(404);\nexpect(message).to.equal(\"User not found or no changes made\");",
              "err": {},
              "uuid": "e03839a6-a4c8-4afc-9b65-49a3995a11c4",
              "parentUUID": "1b418612-fade-43a6-8de4-6126187933b1",
              "isHook": false,
              "skipped": false
            },
            {
              "title": "should update profile picture if file is provided",
              "fullTitle": "updateProfile should update profile picture if file is provided",
              "timedOut": false,
              "duration": 3,
              "state": "passed",
              "speed": "fast",
              "pass": true,
              "fail": false,
              "pending": false,
              "context": null,
              "code": "const req = {\n  body: { email: \"testuser@example.com\" },\n  file: { filename: \"testimage.png\" }\n};\nlet statusCode, message;\nconst res = {\n  status: (code) => { statusCode = code; return res; },\n  json: (data) => { message = data.message; }\n};\nawait updateProfile(req, res);\nexpect(statusCode).to.equal(200);\nexpect(message).to.equal(\"Profile updated successfully\");",
              "err": {},
              "uuid": "a556a80f-a7f9-4086-bdbe-60f0d2abe0a0",
              "parentUUID": "1b418612-fade-43a6-8de4-6126187933b1",
              "isHook": false,
              "skipped": false
            },
            {
              "title": "should update only provided fields",
              "fullTitle": "updateProfile should update only provided fields",
              "timedOut": false,
              "duration": 3,
              "state": "passed",
              "speed": "fast",
              "pass": true,
              "fail": false,
              "pending": false,
              "context": null,
              "code": "const req = {\n  body: {\n    email: \"testuser@example.com\",\n    city: \"Updated City Only\"\n  }\n};\nlet statusCode, message;\nconst res = {\n  status: (code) => { statusCode = code; return res; },\n  json: (data) => { message = data.message; }\n};\nawait updateProfile(req, res);\nexpect(statusCode).to.equal(200);\nexpect(message).to.equal(\"Profile updated successfully\");",
              "err": {},
              "uuid": "28ec836f-5993-412d-9d35-f3a1060d4361",
              "parentUUID": "1b418612-fade-43a6-8de4-6126187933b1",
              "isHook": false,
              "skipped": false
            }
          ],
          "suites": [],
          "passes": [
            "3823ce58-f371-4e43-8e05-842b1a2e8da2",
            "e03839a6-a4c8-4afc-9b65-49a3995a11c4",
            "a556a80f-a7f9-4086-bdbe-60f0d2abe0a0",
            "28ec836f-5993-412d-9d35-f3a1060d4361"
          ],
          "failures": [],
          "pending": [],
          "skipped": [],
          "duration": 13,
          "root": false,
          "rootEmpty": false,
          "_timeout": 10000
        },
        {
          "uuid": "fb657f7c-c461-4f7d-aab8-b6a2fbacbb96",
          "title": "loginUserData",
          "fullFile": "D:\\WEB DEVELOPMENT\\FYP-CODE\\server\\test\\userController.test.js",
          "file": "\\test\\userController.test.js",
          "beforeHooks": [
            {
              "title": "\"before all\" hook in \"loginUserData\"",
              "fullTitle": "loginUserData \"before all\" hook in \"loginUserData\"",
              "timedOut": false,
              "duration": 64,
              "state": null,
              "speed": null,
              "pass": false,
              "fail": false,
              "pending": false,
              "context": null,
              "code": "await mongoose.connect(\"mongodb://127.0.0.1:27017/testDB\");\nconst user = await User.create({\n  name: \"Test User\",\n  email: \"testuser@example.com\",\n  password: \"12345678\",\n  role: \"patient\",\n});\nuserId = user._id;",
              "err": {},
              "uuid": "6c62dc0b-3eea-4e70-b551-a56cffe79289",
              "parentUUID": "fb657f7c-c461-4f7d-aab8-b6a2fbacbb96",
              "isHook": true,
              "skipped": false
            }
          ],
          "afterHooks": [
            {
              "title": "\"after all\" hook in \"loginUserData\"",
              "fullTitle": "loginUserData \"after all\" hook in \"loginUserData\"",
              "timedOut": false,
              "duration": 10,
              "state": null,
              "speed": null,
              "pass": false,
              "fail": false,
              "pending": false,
              "context": null,
              "code": "await mongoose.connection.dropDatabase();\nawait mongoose.connection.close();",
              "err": {},
              "uuid": "0bf2044f-4675-4f9b-a6df-78e06765b589",
              "parentUUID": "fb657f7c-c461-4f7d-aab8-b6a2fbacbb96",
              "isHook": true,
              "skipped": false
            }
          ],
          "tests": [
            {
              "title": "should return user data excluding password",
              "fullTitle": "loginUserData should return user data excluding password",
              "timedOut": false,
              "duration": 1,
              "state": "passed",
              "speed": "fast",
              "pass": true,
              "fail": false,
              "pending": false,
              "context": null,
              "code": "const req = { user: { id: userId } };\nlet data, statusCode;\nconst res = {\n  status: (code) => {\n    statusCode = code;\n    return res;\n  },\n  json: (d) => {\n    data = d;\n  },\n};\nawait loginUserData(req, res);\nexpect(statusCode).to.equal(200);\nexpect(data).to.have.property(\"name\", \"Test User\");\nexpect(data).to.have.property(\"email\", \"testuser@example.com\");\nexpect(data.password).to.be.undefined; // ✅ Updated assertion",
              "err": {},
              "uuid": "c10341f4-3162-42a5-8519-05082e0f4ece",
              "parentUUID": "fb657f7c-c461-4f7d-aab8-b6a2fbacbb96",
              "isHook": false,
              "skipped": false
            },
            {
              "title": "should return empty array if user not found",
              "fullTitle": "loginUserData should return empty array if user not found",
              "timedOut": false,
              "duration": 1,
              "state": "passed",
              "speed": "fast",
              "pass": true,
              "fail": false,
              "pending": false,
              "context": null,
              "code": "const req = { user: { id: new mongoose.Types.ObjectId() } };\nlet data, statusCode;\nconst res = {\n  status: (code) => {\n    statusCode = code;\n    return res;\n  },\n  json: (d) => {\n    data = d;\n  },\n};\nawait loginUserData(req, res);\nexpect(statusCode).to.equal(200);\nexpect(data).to.be.an(\"array\").that.is.empty;",
              "err": {},
              "uuid": "2f10a38b-9c75-4395-9175-8987574bc2b3",
              "parentUUID": "fb657f7c-c461-4f7d-aab8-b6a2fbacbb96",
              "isHook": false,
              "skipped": false
            }
          ],
          "suites": [],
          "passes": [
            "c10341f4-3162-42a5-8519-05082e0f4ece",
            "2f10a38b-9c75-4395-9175-8987574bc2b3"
          ],
          "failures": [],
          "pending": [],
          "skipped": [],
          "duration": 2,
          "root": false,
          "rootEmpty": false,
          "_timeout": 10000
        }
      ],
      "passes": [],
      "failures": [],
      "pending": [],
      "skipped": [],
      "duration": 0,
      "root": true,
      "rootEmpty": true,
      "_timeout": 10000
    }
  ],
  "meta": {
    "mocha": {
      "version": "11.7.5"
    },
    "mochawesome": {
      "options": {
        "quiet": false,
        "reportFilename": "mochawesome",
        "saveHtml": true,
        "saveJson": true,
        "consoleReporter": "spec",
        "useInlineDiffs": false,
        "code": true
      },
      "version": "7.1.4"
    },
    "marge": {
      "options": null,
      "version": "6.3.2"
    }
  }
}